<?xml version="1.0" ?>
<testsuites>
	<testsuite errors="0" errors_detail="H:0 M:0 L:0" failures="1" failures_detail="H:0 M:1 L:0" hostname="baidu" name="Baidu" tests="4" time="49.521316" timestamp="2017-12-04T16:36:00.979971">
		<testcase classname="BAIDU_001" name="搜索：自动化测试" priority="H" time="6.526985"/>
		<testcase classname="BAIDU_002" name="搜索：搜狗" priority="M" time="10.888587"/>
		<testcase classname="BAIDU_003" name="搜索：知乎" priority="M" time="9.759187"/>
		<testcase classname="BAIDU_004" name="搜索：雪球行情中心" priority="M" time="17.560983">
			<failure message="" type="Fail"/>
		</testcase>
	</testsuite>
</testsuites>
